<?xml version="1.0" encoding="UTF-8"?>
<testng-results skipped="0" failed="0" ignored="0" total="1" passed="1">
  <reporter-output>
  </reporter-output>
  <suite name="Default suite" duration-ms="40570" started-at="2020-11-15T15:52:15 ART" finished-at="2020-11-15T15:52:56 ART">
    <groups>
    </groups>
    <test name="Default test" duration-ms="40570" started-at="2020-11-15T15:52:15 ART" finished-at="2020-11-15T15:52:56 ART">
      <class name="test.TestStole">
        <test-method status="PASS" signature="setUp()[pri:0, instance:test.TestStole@587a1cfb]" name="setUp" is-config="true" duration-ms="16597" started-at="2020-11-15T15:52:15 ART" finished-at="2020-11-15T15:52:32 ART">
          <reporter-output>
          </reporter-output>
        </test-method> <!-- setUp -->
        <test-method status="PASS" signature="test()[pri:0, instance:test.TestStole@587a1cfb]" name="test" duration-ms="19208" started-at="2020-11-15T15:52:32 ART" description="crear un caso de seguro de robo" finished-at="2020-11-15T15:52:51 ART">
          <reporter-output>
          </reporter-output>
        </test-method> <!-- test -->
        <test-method status="PASS" signature="tearDown(org.testng.ITestResult)[pri:0, instance:test.TestStole@587a1cfb]" name="tearDown" is-config="true" duration-ms="4681" started-at="2020-11-15T15:52:51 ART" finished-at="2020-11-15T15:52:56 ART">
          <params>
            <param index="0">
              <value>
                <![CDATA[[TestResult name=test status=SUCCESS method=TestStole.test()[pri:0, instance:test.TestStole@587a1cfb] output={null}]]]>
              </value>
            </param>
          </params>
          <reporter-output>
          </reporter-output>
        </test-method> <!-- tearDown -->
      </class> <!-- test.TestStole -->
    </test> <!-- Default test -->
  </suite> <!-- Default suite -->
</testng-results>
